<?xml version="1.0" encoding="UTF-8"?>
<testng-results skipped="0" failed="0" total="5" passed="5">
  <reporter-output>
  </reporter-output>
  <suite name="Default suite" duration-ms="10788" started-at="2015-08-21T21:27:36Z" finished-at="2015-08-21T21:27:47Z">
    <groups>
    </groups>
    <test name="Default test" duration-ms="10788" started-at="2015-08-21T21:27:36Z" finished-at="2015-08-21T21:27:47Z">
      <class name="com.example.tests.ContactCreationTests">
        <test-method status="PASS" signature="testContactCreation()[pri:0, instance:com.example.tests.ContactCreationTests@224aed64]" name="testContactCreation" duration-ms="2167" started-at="2015-08-22T00:27:41Z" finished-at="2015-08-22T00:27:43Z">
          <reporter-output>
          </reporter-output>
        </test-method> <!-- testContactCreation -->
      </class> <!-- com.example.tests.ContactCreationTests -->
      <class name="com.example.tests.AlsoGroupCreationTests">
        <test-method status="PASS" signature="testEmptyGroupCreation()[pri:0, instance:com.example.tests.AlsoGroupCreationTests@c39f790]" name="testEmptyGroupCreation" duration-ms="664" started-at="2015-08-22T00:27:45Z" finished-at="2015-08-22T00:27:46Z">
          <reporter-output>
          </reporter-output>
        </test-method> <!-- testEmptyGroupCreation -->
        <test-method status="PASS" signature="testNonEmptyGroupCreation()[pri:0, instance:com.example.tests.AlsoGroupCreationTests@c39f790]" name="testNonEmptyGroupCreation" duration-ms="728" started-at="2015-08-22T00:27:46Z" finished-at="2015-08-22T00:27:46Z">
          <reporter-output>
          </reporter-output>
        </test-method> <!-- testNonEmptyGroupCreation -->
      </class> <!-- com.example.tests.AlsoGroupCreationTests -->
      <class name="com.example.tests.GroupCreationTests">
        <test-method status="PASS" signature="setUp()[pri:0, instance:com.example.tests.GroupCreationTests@6979e8cb]" name="setUp" is-config="true" duration-ms="5197" started-at="2015-08-22T00:27:36Z" finished-at="2015-08-22T00:27:41Z">
          <reporter-output>
          </reporter-output>
        </test-method> <!-- setUp -->
        <test-method status="PASS" signature="testEmptyGroupCreation()[pri:0, instance:com.example.tests.GroupCreationTests@6979e8cb]" name="testEmptyGroupCreation" duration-ms="751" started-at="2015-08-22T00:27:43Z" finished-at="2015-08-22T00:27:44Z">
          <reporter-output>
          </reporter-output>
        </test-method> <!-- testEmptyGroupCreation -->
        <test-method status="PASS" signature="testNonEmptyGroupCreation()[pri:0, instance:com.example.tests.GroupCreationTests@6979e8cb]" name="testNonEmptyGroupCreation" duration-ms="869" started-at="2015-08-22T00:27:44Z" finished-at="2015-08-22T00:27:45Z">
          <reporter-output>
          </reporter-output>
        </test-method> <!-- testNonEmptyGroupCreation -->
        <test-method status="PASS" signature="tearDown()[pri:0, instance:com.example.tests.GroupCreationTests@6979e8cb]" name="tearDown" is-config="true" duration-ms="404" started-at="2015-08-22T00:27:46Z" finished-at="2015-08-22T00:27:47Z">
          <reporter-output>
          </reporter-output>
        </test-method> <!-- tearDown -->
      </class> <!-- com.example.tests.GroupCreationTests -->
    </test> <!-- Default test -->
  </suite> <!-- Default suite -->
</testng-results>
