<?xml version="1.0" encoding="UTF-8"?>
<!-- Generated by org.testng.reporters.JUnitXMLReporter -->
<testsuite hostname="MyPC" name="Default test" tests="5" failures="0" timestamp="21 Aug 2015 21:27:47 GMT" time="10.788" errors="0">
  <testcase name="testContactCreation" time="2.167" classname="com.example.tests.ContactCreationTests"/>
  <testcase name="testEmptyGroupCreation" time="0.751" classname="com.example.tests.GroupCreationTests"/>
  <testcase name="testNonEmptyGroupCreation" time="0.869" classname="com.example.tests.GroupCreationTests"/>
  <testcase name="testEmptyGroupCreation" time="0.664" classname="com.example.tests.AlsoGroupCreationTests"/>
  <testcase name="testNonEmptyGroupCreation" time="0.728" classname="com.example.tests.AlsoGroupCreationTests"/>
</testsuite> <!-- Default test -->
