<?xml version="1.0" encoding="UTF-8"?>
<!-- Generated by org.testng.reporters.JUnitXMLReporter -->
<testsuite hostname="MyPC" name="Default test" tests="4" failures="0" timestamp="20 Aug 2015 21:09:30 GMT" time="9.128" errors="0">
  <testcase name="testEmptyGroupCreation" time="0.778" classname="com.example.tests.GroupCreationTests"/>
  <testcase name="testNonEmptyGroupCreation" time="1.238" classname="com.example.tests.GroupCreationTests"/>
  <testcase name="testEmptyGroupCreation" time="0.597" classname="com.example.tests.AlsoGroupCreationTests"/>
  <testcase name="testNonEmptyGroupCreation" time="0.765" classname="com.example.tests.AlsoGroupCreationTests"/>
</testsuite> <!-- Default test -->
